<?xml version="1.0" encoding="UTF-8"?>
<testng-results ignored="0" total="1" passed="1" failed="0" skipped="0">
  <reporter-output>
  </reporter-output>
  <suite started-at="2022-10-18T15:47:59 IST" name="Default suite" finished-at="2022-10-18T15:47:59 IST" duration-ms="329">
    <groups>
    </groups>
    <test started-at="2022-10-18T15:47:59 IST" name="Default test" finished-at="2022-10-18T15:47:59 IST" duration-ms="329">
      <class name="javastreams.test2">
        <test-method signature="streamM()[pri:0, instance:javastreams.test2@6c779568]" started-at="2022-10-18T15:47:59 IST" name="streamM" finished-at="2022-10-18T15:47:59 IST" duration-ms="60" status="PASS">
          <reporter-output>
          </reporter-output>
        </test-method> <!-- streamM -->
      </class> <!-- javastreams.test2 -->
    </test> <!-- Default test -->
  </suite> <!-- Default suite -->
</testng-results>
